<?xml version="1.0" encoding="UTF-8"?>
<testsuite name="ParserTest" tests="3" skipped="0" failures="0" errors="0" timestamp="2024-04-29T10:14:27" hostname="DESKTOP-B9P11G8" time="0.042">
  <properties/>
  <testcase name="testSortByArea()" classname="ParserTest" time="0.028"/>
  <testcase name="testSortByName()" classname="ParserTest" time="0.004"/>
  <testcase name="testSortByPopulation()" classname="ParserTest" time="0.004"/>
  <system-out><![CDATA[]]></system-out>
  <system-err><![CDATA[]]></system-err>
</testsuite>
